time="2024-08-08T00:03:32+05:00" level=info msg="Configuration loaded successfully"
time="2024-08-08T00:03:32+05:00" level=info msg="Connected to the database successfully"
time="2024-08-08T00:03:32+05:00" level=info msg="Live service started successfully"
time="2024-08-08T00:04:57+05:00" level=info msg="Received signal: interrupt"
time="2024-08-08T00:05:02+05:00" level=info msg="Graceful shutdown complete."
time="2024-08-08T00:31:49+05:00" level=info msg="Configuration loaded successfully"
time="2024-08-08T00:31:49+05:00" level=info msg="Connected to the database successfully"
time="2024-08-08T00:31:49+05:00" level=info msg="Live service started successfully"
time="2024-08-08T00:34:02+05:00" level=info msg="Received signal: interrupt"
time="2024-08-08T00:34:07+05:00" level=info msg="Graceful shutdown complete."
time="2024-08-08T00:34:12+05:00" level=info msg="Configuration loaded successfully"
time="2024-08-08T00:34:12+05:00" level=info msg="Connected to the database successfully"
time="2024-08-08T00:34:12+05:00" level=info msg="Live service started successfully"
time="2024-08-08T00:36:26+05:00" level=info msg="Received signal: interrupt"
time="2024-08-08T00:36:31+05:00" level=info msg="Graceful shutdown complete."
time="2024-08-08T00:36:34+05:00" level=info msg="Configuration loaded successfully"
time="2024-08-08T00:36:34+05:00" level=info msg="Connected to the database successfully"
time="2024-08-08T00:36:34+05:00" level=info msg="Live service started successfully"
time="2024-08-08T00:42:57+05:00" level=info msg="Received signal: interrupt"
time="2024-08-08T00:43:02+05:00" level=info msg="Graceful shutdown complete."
time="2024-08-08T00:43:05+05:00" level=info msg="Configuration loaded successfully"
time="2024-08-08T00:43:05+05:00" level=info msg="Connected to the database successfully"
time="2024-08-08T00:43:05+05:00" level=info msg="Live service started successfully"
