time="2024-08-07T10:53:37+05:00" level=info msg="Configuration loaded successfully"
time="2024-08-07T10:53:37+05:00" level=info msg="Connected to the database successfully"
time="2024-08-07T10:53:37+05:00" level=info msg="Medal service started successfully"
time="2024-08-07T14:24:20+05:00" level=info msg="Configuration loaded successfully"
time="2024-08-07T14:24:20+05:00" level=info msg="Connected to the database successfully"
time="2024-08-07T14:24:20+05:00" level=info msg="Medal service started successfully"
time="2024-08-07T14:56:33+05:00" level=info msg="Received signal: interrupt"
time="2024-08-07T14:56:38+05:00" level=info msg="Graceful shutdown complete."
time="2024-08-07T17:52:08+05:00" level=info msg="Configuration loaded successfully"
time="2024-08-07T17:52:08+05:00" level=info msg="Connected to the database successfully"
time="2024-08-07T17:52:08+05:00" level=info msg="Medal service started successfully"
time="2024-08-07T18:09:50+05:00" level=info msg="Medal created successfully map[id:fece86ba-96da-49e4-bed2-19ae9d175683]"
time="2024-08-07T18:10:11+05:00" level=info msg="Medals retrieved successfully map[count:1]"
time="2024-08-07T18:10:33+05:00" level=info msg="Medal retrieved successfully map[id:fece86ba-96da-49e4-bed2-19ae9d175683]"
time="2024-08-07T18:11:37+05:00" level=info msg="Medal updated successfully map[id:fece86ba-96da-49e4-bed2-19ae9d175683]"
time="2024-08-07T18:15:46+05:00" level=info msg="Medals retrieved successfully map[count:1]"
time="2024-08-07T18:16:31+05:00" level=info msg="Medals retrieved successfully map[count:1]"
time="2024-08-07T18:18:16+05:00" level=info msg="Medals retrieved successfully map[count:1]"
time="2024-08-07T18:18:31+05:00" level=info msg="Medal deleted successfully map[id:fece86ba-96da-49e4-bed2-19ae9d175683]"
time="2024-08-07T18:20:10+05:00" level=info msg="Received signal: interrupt"
time="2024-08-07T18:20:15+05:00" level=info msg="Graceful shutdown complete."
