time="2024-08-06T14:50:58+05:00" level=info msg="Configuration loaded successfully"
time="2024-08-06T14:50:58+05:00" level=info msg="Connected to the database successfully"
time="2024-08-06T14:50:58+05:00" level=info msg="Event service started successfully"
time="2024-08-06T14:53:16+05:00" level=info msg="Configuration loaded successfully"
time="2024-08-06T14:53:16+05:00" level=info msg="Connected to the database successfully"
time="2024-08-06T14:53:16+05:00" level=info msg="Event service started successfully"
time="2024-08-06T16:42:39+05:00" level=info msg="Configuration loaded successfully"
time="2024-08-06T16:42:39+05:00" level=info msg="Connected to the database successfully"
time="2024-08-06T16:42:39+05:00" level=info msg="Event service started successfully"
time="2024-08-06T17:22:03+05:00" level=info msg="Configuration loaded successfully"
time="2024-08-06T17:22:03+05:00" level=info msg="Connected to the database successfully"
time="2024-08-06T17:22:03+05:00" level=info msg="Event service started successfully"
time="2024-08-06T20:26:08+05:00" level=info msg="Configuration loaded successfully"
time="2024-08-06T20:26:08+05:00" level=info msg="Connected to the database successfully"
time="2024-08-06T20:26:08+05:00" level=info msg="Event service started successfully"
time="2024-08-06T20:43:03+05:00" level=info msg="Event created successfully map[event_id:a96a3276-b0f8-4678-9f77-8a7890a1f2e3 name:Summer Olympics]"
time="2024-08-06T20:43:13+05:00" level=info msg="Events listed successfully map[events_count:1]"
time="2024-08-06T20:43:41+05:00" level=info msg="Event retrieved successfully map[event_id:a96a3276-b0f8-4678-9f77-8a7890a1f2e3 name:Summer Olympics]"
time="2024-08-06T20:44:31+05:00" level=error msg="Updating event failed map[error:pq: invalid input syntax for type time: \"0000-01-01T09:00:00Z\" event_id:a96a3276-b0f8-4678-9f77-8a7890a1f2e3]"
time="2024-08-06T20:45:21+05:00" level=info msg="Event updated successfully map[event_id:a96a3276-b0f8-4678-9f77-8a7890a1f2e3 name:Summer Olympics]"
time="2024-08-06T20:45:42+05:00" level=info msg="Event deleted successfully map[event_id:a96a3276-b0f8-4678-9f77-8a7890a1f2e3]"
time="2024-08-06T20:45:47+05:00" level=info msg="Events listed successfully map[events_count:0]"
time="2024-08-06T21:22:54+05:00" level=info msg="Configuration loaded successfully"
time="2024-08-06T21:22:54+05:00" level=info msg="Connected to the database successfully"
time="2024-08-06T21:22:54+05:00" level=info msg="Event service started successfully"
time="2024-08-06T21:23:19+05:00" level=info msg="Configuration loaded successfully"
time="2024-08-06T21:23:19+05:00" level=info msg="Connected to the database successfully"
time="2024-08-06T21:23:19+05:00" level=info msg="Event service started successfully"
time="2024-08-06T21:23:19+05:00" level=info msg="Received signal: interrupt"
time="2024-08-06T21:23:24+05:00" level=info msg="Graceful shutdown complete."
time="2024-08-07T11:45:55+05:00" level=fatal msg="Failed to load config:  open config/config.yml: no such file or directory"
time="2024-08-07T11:46:09+05:00" level=fatal msg="Failed to load config:  open ..config/config.yml: no such file or directory"
time="2024-08-07T11:46:35+05:00" level=info msg="Configuration loaded successfully"
time="2024-08-07T11:46:35+05:00" level=info msg="Connected to the database successfully"
time="2024-08-07T11:46:35+05:00" level=info msg="Event service started successfully"
time="2024-08-07T14:24:27+05:00" level=info msg="Configuration loaded successfully"
time="2024-08-07T14:24:27+05:00" level=info msg="Connected to the database successfully"
time="2024-08-07T14:24:27+05:00" level=info msg="Event service started successfully"
time="2024-08-07T17:40:36+05:00" level=info msg="Configuration loaded successfully"
time="2024-08-07T17:40:36+05:00" level=info msg="Connected to the database successfully"
time="2024-08-07T17:40:36+05:00" level=info msg="Event service started successfully"
time="2024-08-07T17:41:13+05:00" level=info msg="Event created successfully map[event_id:03a0c575-087c-491a-9cef-256306599f94 name:Olympic 100m Final]"
time="2024-08-07T17:41:26+05:00" level=info msg="Events listed successfully map[events_count:1]"
time="2024-08-07T17:41:35+05:00" level=info msg="Event retrieved successfully map[event_id:03a0c575-087c-491a-9cef-256306599f94 name:Olympic 100m Final]"
time="2024-08-07T17:42:11+05:00" level=info msg="Event updated successfully map[event_id:03a0c575-087c-491a-9cef-256306599f94 name:Olympic 100m Final]"
time="2024-08-07T17:42:30+05:00" level=info msg="Received signal: interrupt"
time="2024-08-07T17:42:35+05:00" level=info msg="Graceful shutdown complete."
time="2024-08-07T17:52:39+05:00" level=info msg="Configuration loaded successfully"
time="2024-08-07T17:52:39+05:00" level=info msg="Connected to the database successfully"
time="2024-08-07T17:52:39+05:00" level=info msg="Event service started successfully"
time="2024-08-07T18:09:50+05:00" level=info msg="Event retrieved successfully map[event_id:03a0c575-087c-491a-9cef-256306599f94 name:Olympic 100m Final]"
time="2024-08-07T18:18:41+05:00" level=info msg="Events listed successfully map[events_count:1]"
time="2024-08-07T18:18:58+05:00" level=info msg="Event deleted successfully map[event_id:03a0c575-087c-491a-9cef-256306599f94]"
time="2024-08-07T18:20:16+05:00" level=info msg="Received signal: interrupt"
time="2024-08-07T18:20:21+05:00" level=info msg="Graceful shutdown complete."
