time="2024-08-06T14:34:48+05:00" level=fatal msg="Failed to connect to database:  dial tcp: lookup tcp/%!s(int=5432): unknown port"
time="2024-08-06T14:35:37+05:00" level=fatal msg="Failed to run gRPC service:  listen tcp: lookup tcp/%!s(int=9090): unknown port"
time="2024-08-06T14:42:25+05:00" level=info msg="Configuration loaded successfully"
time="2024-08-06T14:42:25+05:00" level=info msg="Connected to the database successfully"
time="2024-08-06T14:44:01+05:00" level=fatal msg="Failed to load config:  open config/config.ym: no such file or directory"
time="2024-08-06T14:45:35+05:00" level=info msg="Configuration loaded successfully"
time="2024-08-06T14:45:35+05:00" level=info msg="Connected to the database successfully"
time="2024-08-06T14:49:34+05:00" level=info msg="Configuration loaded successfully"
time="2024-08-06T14:49:34+05:00" level=info msg="Connected to the database successfully"
time="2024-08-06T14:53:10+05:00" level=info msg="Configuration loaded successfully"
time="2024-08-06T14:53:10+05:00" level=info msg="Connected to the database successfully"
time="2024-08-06T14:53:10+05:00" level=info msg="Country service started successfully"
time="2024-08-06T16:42:42+05:00" level=info msg="Configuration loaded successfully"
time="2024-08-06T16:42:42+05:00" level=info msg="Connected to the database successfully"
time="2024-08-06T16:42:42+05:00" level=info msg="Country service started successfully"
time="2024-08-06T17:22:07+05:00" level=info msg="Configuration loaded successfully"
time="2024-08-06T17:22:07+05:00" level=info msg="Connected to the database successfully"
time="2024-08-06T17:22:07+05:00" level=info msg="Country service started successfully"
time="2024-08-06T17:44:55+05:00" level=info msg="Configuration loaded successfully"
time="2024-08-06T17:44:55+05:00" level=info msg="Connected to the database successfully"
time="2024-08-06T17:44:55+05:00" level=info msg="Country service started successfully"
time="2024-08-06T17:45:17+05:00" level=info msg="Country created successfully map[country_id:a4ab6bcc-bc25-4738-aa71-766ec56515f5 name:United States]"
time="2024-08-06T17:46:24+05:00" level=info msg="Countries listed successfully map[countries_count:1]"
time="2024-08-06T17:46:50+05:00" level=info msg="Country retrieved successfully map[country_id:a4ab6bcc-bc25-4738-aa71-766ec56515f5 name:United States]"
time="2024-08-06T17:47:41+05:00" level=error msg="Updating country failed map[country_id:a4ab6bcc-bc25-4738-aa71-766ec56515f error:pq: invalid input syntax for type uuid: \"a4ab6bcc-bc25-4738-aa71-766ec56515f\"]"
time="2024-08-06T17:47:49+05:00" level=error msg="Updating country failed map[country_id:a4ab6bcc-bc25-4738-aa71-766ec56515f2 error:sql: no rows in result set]"
time="2024-08-06T17:48:10+05:00" level=info msg="Country updated successfully map[country_id:a4ab6bcc-bc25-4738-aa71-766ec56515f5 name:United Kingdom]"
time="2024-08-06T20:26:11+05:00" level=info msg="Configuration loaded successfully"
time="2024-08-06T20:26:11+05:00" level=info msg="Connected to the database successfully"
time="2024-08-06T20:26:11+05:00" level=info msg="Country service started successfully"
time="2024-08-06T20:27:21+05:00" level=info msg="Country created successfully map[country_id:11da3955-312e-480e-adc6-f4bd8439020d name:United States]"
time="2024-08-06T20:27:37+05:00" level=info msg="Countries listed successfully map[countries_count:2]"
time="2024-08-06T20:28:08+05:00" level=info msg="Country retrieved successfully map[country_id:a4ab6bcc-bc25-4738-aa71-766ec56515f5 name:United Kingdom]"
time="2024-08-06T20:41:18+05:00" level=info msg="Country updated successfully map[country_id:a4ab6bcc-bc25-4738-aa71-766ec56515f5 name:United States]"
time="2024-08-06T20:41:43+05:00" level=info msg="Country deleted successfully map[country_id:a4ab6bcc-bc25-4738-aa71-766ec56515f5]"
time="2024-08-06T20:41:52+05:00" level=info msg="Countries listed successfully map[countries_count:1]"
time="2024-08-06T20:46:56+05:00" level=info msg="Countries listed successfully map[countries_count:1]"
time="2024-08-06T21:18:08+05:00" level=info msg="Configuration loaded successfully"
time="2024-08-06T21:18:08+05:00" level=info msg="Connected to the database successfully"
time="2024-08-06T21:18:08+05:00" level=info msg="Country service started successfully"
time="2024-08-06T21:21:02+05:00" level=info msg="Configuration loaded successfully"
time="2024-08-06T21:21:02+05:00" level=info msg="Connected to the database successfully"
time="2024-08-06T21:21:02+05:00" level=info msg="Country service started successfully"
time="2024-08-06T21:21:03+05:00" level=info msg="Received signal: interrupt"
time="2024-08-06T21:21:13+05:00" level=info msg="Graceful shutdown complete."
time="2024-08-06T21:24:29+05:00" level=info msg="Configuration loaded successfully"
time="2024-08-06T21:24:29+05:00" level=info msg="Connected to the database successfully"
time="2024-08-06T21:24:29+05:00" level=info msg="Country service started successfully"
time="2024-08-06T21:24:29+05:00" level=info msg="Received signal: interrupt"
time="2024-08-07T14:24:24+05:00" level=info msg="Configuration loaded successfully"
time="2024-08-07T14:24:24+05:00" level=info msg="Connected to the database successfully"
time="2024-08-07T14:24:24+05:00" level=info msg="Country service started successfully"
time="2024-08-07T17:38:22+05:00" level=info msg="Configuration loaded successfully"
time="2024-08-07T17:38:22+05:00" level=info msg="Connected to the database successfully"
time="2024-08-07T17:38:22+05:00" level=info msg="Country service started successfully"
time="2024-08-07T17:38:25+05:00" level=info msg="Country created successfully map[country_id:f35dac60-2411-442a-aeb0-cce7f5e37e7e name:Uzbekistan]"
time="2024-08-07T17:38:43+05:00" level=info msg="Countries listed successfully map[countries_count:1]"
time="2024-08-07T17:38:55+05:00" level=info msg="Country retrieved successfully map[country_id:f35dac60-2411-442a-aeb0-cce7f5e37e7e name:Uzbekistan]"
time="2024-08-07T17:39:24+05:00" level=info msg="Country updated successfully map[country_id:f35dac60-2411-442a-aeb0-cce7f5e37e7e name:Uzbekistan]"
time="2024-08-07T17:39:54+05:00" level=info msg="Received signal: interrupt"
time="2024-08-07T17:39:59+05:00" level=info msg="Graceful shutdown complete."
time="2024-08-07T17:44:59+05:00" level=info msg="Configuration loaded successfully"
time="2024-08-07T17:44:59+05:00" level=info msg="Connected to the database successfully"
time="2024-08-07T17:44:59+05:00" level=info msg="Country service started successfully"
time="2024-08-07T17:45:14+05:00" level=info msg="Country retrieved successfully map[country_id:f35dac60-2411-442a-aeb0-cce7f5e37e7e name:Uzbekistan]"
time="2024-08-07T18:09:40+05:00" level=error msg="Retrieving country failed map[country_id:f35dac60-2411-442a-aeb0-cce7f5e37e7q error:pq: invalid input syntax for type uuid: \"f35dac60-2411-442a-aeb0-cce7f5e37e7q\"]"
time="2024-08-07T18:09:50+05:00" level=info msg="Country retrieved successfully map[country_id:f35dac60-2411-442a-aeb0-cce7f5e37e7e name:Uzbekistan]"
time="2024-08-07T18:19:04+05:00" level=info msg="Countries listed successfully map[countries_count:1]"
time="2024-08-07T18:19:19+05:00" level=info msg="Country deleted successfully map[country_id:f35dac60-2411-442a-aeb0-cce7f5e37e7e]"
time="2024-08-07T18:20:13+05:00" level=info msg="Received signal: interrupt"
time="2024-08-07T18:20:18+05:00" level=info msg="Graceful shutdown complete."
