time="2024-08-06T14:53:20+05:00" level=info msg="Configuration loaded successfully"
time="2024-08-06T14:53:20+05:00" level=info msg="Connected to the database successfully"
time="2024-08-06T14:53:20+05:00" level=info msg="Athlete service started successfully"
time="2024-08-06T14:54:02+05:00" level=info msg="Configuration loaded successfully"
time="2024-08-06T14:54:02+05:00" level=info msg="Connected to the database successfully"
time="2024-08-06T14:54:02+05:00" level=info msg="Athlete service started successfully"
time="2024-08-06T16:42:35+05:00" level=info msg="Configuration loaded successfully"
time="2024-08-06T16:42:35+05:00" level=info msg="Connected to the database successfully"
time="2024-08-06T16:42:35+05:00" level=info msg="Athlete service started successfully"
time="2024-08-06T17:21:59+05:00" level=info msg="Configuration loaded successfully"
time="2024-08-06T17:21:59+05:00" level=info msg="Connected to the database successfully"
time="2024-08-06T17:21:59+05:00" level=info msg="Athlete service started successfully"
time="2024-08-06T20:26:04+05:00" level=info msg="Configuration loaded successfully"
time="2024-08-06T20:26:04+05:00" level=info msg="Connected to the database successfully"
time="2024-08-06T20:26:04+05:00" level=info msg="Athlete service started successfully"
time="2024-08-06T20:46:44+05:00" level=warning msg="country with id does not exist or has been deleted: a4ab6bcc-bc25-4738-aa71-766ec56515f5"
time="2024-08-06T20:47:13+05:00" level=info msg="Athlete created successfully map[athlete_id:f4949c47-17aa-4e71-ba61-49edfa2bf088 name:John Doe]"
time="2024-08-06T20:49:21+05:00" level=info msg="Configuration loaded successfully"
time="2024-08-06T20:49:21+05:00" level=info msg="Connected to the database successfully"
time="2024-08-06T20:49:21+05:00" level=info msg="Athlete service started successfully"
time="2024-08-06T20:49:29+05:00" level=info msg="Athletes listed successfully map[athletes_count:1]"
time="2024-08-06T20:49:44+05:00" level=info msg="Athlete retrieved successfully map[athlete_id:f4949c47-17aa-4e71-ba61-49edfa2bf088 name:John Doe]"
time="2024-08-06T20:50:48+05:00" level=info msg="Athletes listed successfully map[athletes_count:1]"
time="2024-08-06T20:51:00+05:00" level=error msg="Deleting athlete failed map[athlete_id:949c47-17aa-4e71-ba61-49edfa2bf088 error:pq: invalid input syntax for type uuid: \"949c47-17aa-4e71-ba61-49edfa2bf088\"]"
time="2024-08-06T20:51:32+05:00" level=info msg="Athlete deleted successfully map[athlete_id:f4949c47-17aa-4e71-ba61-49edfa2bf088]"
time="2024-08-06T20:51:38+05:00" level=info msg="Athletes listed successfully map[athletes_count:0]"
time="2024-08-06T21:26:51+05:00" level=info msg="Configuration loaded successfully"
time="2024-08-06T21:26:51+05:00" level=info msg="Connected to the database successfully"
time="2024-08-06T21:26:51+05:00" level=info msg="Athlete service started successfully"
time="2024-08-06T21:26:51+05:00" level=info msg="Received signal: interrupt"
time="2024-08-06T21:26:56+05:00" level=info msg="Graceful shutdown complete."
time="2024-08-07T14:24:31+05:00" level=info msg="Configuration loaded successfully"
time="2024-08-07T14:24:31+05:00" level=info msg="Connected to the database successfully"
time="2024-08-07T14:24:31+05:00" level=info msg="Athlete service started successfully"
time="2024-08-07T17:15:36+05:00" level=info msg="Configuration loaded successfully"
time="2024-08-07T17:15:36+05:00" level=info msg="Connected to the database successfully"
time="2024-08-07T17:15:36+05:00" level=info msg="Athlete service started successfully"
time="2024-08-07T17:42:54+05:00" level=info msg="Configuration loaded successfully"
time="2024-08-07T17:42:54+05:00" level=info msg="Connected to the database successfully"
time="2024-08-07T17:42:54+05:00" level=info msg="Athlete service started successfully"
time="2024-08-07T17:45:14+05:00" level=info msg="Athlete created successfully map[athlete_id:ee03ac28-edce-4af3-a281-5ebf366e0749 name:John Doe]"
time="2024-08-07T17:45:30+05:00" level=error msg="Decoding athlete failed map[error:sql: expected 7 destination arguments in Scan, not 8]"
time="2024-08-07T17:47:59+05:00" level=info msg="Received signal: interrupt"
time="2024-08-07T17:48:04+05:00" level=info msg="Graceful shutdown complete."
time="2024-08-07T17:48:06+05:00" level=info msg="Configuration loaded successfully"
time="2024-08-07T17:48:06+05:00" level=info msg="Connected to the database successfully"
time="2024-08-07T17:48:06+05:00" level=info msg="Athlete service started successfully"
time="2024-08-07T17:48:09+05:00" level=info msg="Athletes listed successfully map[athletes_count:1]"
time="2024-08-07T17:48:38+05:00" level=info msg="Athlete retrieved successfully map[athlete_id:ee03ac28-edce-4af3-a281-5ebf366e0749 name:John Doe]"
time="2024-08-07T17:49:28+05:00" level=info msg="Athlete updated successfully map[athlete_id:ee03ac28-edce-4af3-a281-5ebf366e0749 name:John Doe]"
time="2024-08-07T17:49:47+05:00" level=info msg="Received signal: interrupt"
time="2024-08-07T17:49:52+05:00" level=info msg="Graceful shutdown complete."
time="2024-08-07T17:52:56+05:00" level=info msg="Configuration loaded successfully"
time="2024-08-07T17:52:56+05:00" level=info msg="Connected to the database successfully"
time="2024-08-07T17:52:56+05:00" level=info msg="Athlete service started successfully"
time="2024-08-07T17:57:48+05:00" level=info msg="Received signal: interrupt"
time="2024-08-07T17:57:53+05:00" level=info msg="Graceful shutdown complete."
time="2024-08-07T18:04:26+05:00" level=info msg="Configuration loaded successfully"
time="2024-08-07T18:04:26+05:00" level=info msg="Connected to the database successfully"
time="2024-08-07T18:04:26+05:00" level=info msg="Athlete service started successfully"
time="2024-08-07T18:09:50+05:00" level=info msg="Athlete retrieved successfully map[athlete_id:ee03ac28-edce-4af3-a281-5ebf366e0749 name:John Doe]"
time="2024-08-07T18:19:29+05:00" level=info msg="Athletes listed successfully map[athletes_count:1]"
time="2024-08-07T18:19:40+05:00" level=info msg="Athlete deleted successfully map[athlete_id:ee03ac28-edce-4af3-a281-5ebf366e0749]"
time="2024-08-07T18:19:45+05:00" level=info msg="Athletes listed successfully map[athletes_count:0]"
time="2024-08-07T18:20:20+05:00" level=info msg="Received signal: interrupt"
time="2024-08-07T18:20:25+05:00" level=info msg="Graceful shutdown complete."
