time="2024-08-06T16:08:57+05:00" level=info msg="Configuration loaded successfully"
time="2024-08-06T16:08:57+05:00" level=info msg="Connected to country service successfully"
time="2024-08-06T16:08:57+05:00" level=info msg="Connected to event service successfully"
time="2024-08-06T16:08:57+05:00" level=info msg="Connected to athlete service successfully"
time="2024-08-06T16:08:57+05:00" level=info msg="Starting API Gateway on:  :9000"
time="2024-08-06T16:47:13+05:00" level=info msg="Configuration loaded successfully"
time="2024-08-06T16:47:13+05:00" level=info msg="Connected to country service successfully"
time="2024-08-06T16:47:13+05:00" level=info msg="Connected to event service successfully"
time="2024-08-06T16:47:13+05:00" level=info msg="Connected to athlete service successfully"
time="2024-08-06T16:47:13+05:00" level=info msg="Starting API Gateway on:  :9000"
time="2024-08-06T17:22:21+05:00" level=info msg="Configuration loaded successfully"
time="2024-08-06T17:22:21+05:00" level=info msg="Connected to country service successfully"
time="2024-08-06T17:22:21+05:00" level=info msg="Connected to event service successfully"
time="2024-08-06T17:22:21+05:00" level=info msg="Connected to athlete service successfully"
time="2024-08-06T17:22:21+05:00" level=info msg="Starting API Gateway on:  :9000"
time="2024-08-06T17:44:48+05:00" level=info msg="Configuration loaded successfully"
time="2024-08-06T17:44:48+05:00" level=info msg="Connected to country service successfully"
time="2024-08-06T17:44:48+05:00" level=info msg="Connected to event service successfully"
time="2024-08-06T17:44:48+05:00" level=info msg="Connected to athlete service successfully"
time="2024-08-06T17:44:48+05:00" level=info msg="Starting API Gateway on:  :9000"
time="2024-08-06T17:45:17+05:00" level=info msg="CreateCountry: Country created successfully:  map[id:a4ab6bcc-bc25-4738-aa71-766ec56515f5 name:United States]"
time="2024-08-06T17:46:24+05:00" level=info msg="ListOfCountry: Countries retrieved successfully"
time="2024-08-06T17:46:50+05:00" level=info msg="GetCountry: Country retrieved successfully:  map[name:United States]"
time="2024-08-06T17:47:41+05:00" level=error msg="UpdateCountry: Failed to update country with ID  map[id:a4ab6bcc-bc25-4738-aa71-766ec56515f]"
time="2024-08-06T17:47:49+05:00" level=error msg="UpdateCountry: Failed to update country with ID  map[id:a4ab6bcc-bc25-4738-aa71-766ec56515f2]"
time="2024-08-06T17:48:10+05:00" level=info msg="UpdateCountry: Country updated successfully:  map[time:2024-08-06T17:48:10.965379Z]"
time="2024-08-06T20:26:24+05:00" level=info msg="Configuration loaded successfully"
time="2024-08-06T20:26:24+05:00" level=info msg="Connected to country service successfully"
time="2024-08-06T20:26:24+05:00" level=info msg="Connected to event service successfully"
time="2024-08-06T20:26:24+05:00" level=info msg="Connected to athlete service successfully"
time="2024-08-06T20:26:24+05:00" level=info msg="API Gateway started successfully"
time="2024-08-06T20:26:24+05:00" level=info msg="Starting API Gateway on:  :9000"
time="2024-08-06T20:27:21+05:00" level=info msg="CreateCountry: Country created successfully:  map[id:11da3955-312e-480e-adc6-f4bd8439020d name:United States]"
time="2024-08-06T20:27:37+05:00" level=info msg="ListOfCountry: Countries retrieved successfully"
time="2024-08-06T20:28:08+05:00" level=info msg="GetCountry: Country retrieved successfully:  map[name:United Kingdom]"
time="2024-08-06T20:41:18+05:00" level=info msg="UpdateCountry: Country updated successfully:  map[time:2024-08-06T20:41:18.014151Z]"
time="2024-08-06T20:41:43+05:00" level=info msg="DeleteCountry: Country deleted successfully:  deleted successfully"
time="2024-08-06T20:41:52+05:00" level=info msg="ListOfCountry: Countries retrieved successfully"
time="2024-08-06T20:43:03+05:00" level=info msg="CreateEvent: Event created successfully:  map[id:a96a3276-b0f8-4678-9f77-8a7890a1f2e3 name:Summer Olympics]"
time="2024-08-06T20:43:13+05:00" level=info msg="ListOfEvent: Events retrieved successfully"
time="2024-08-06T20:43:41+05:00" level=info msg="GetEvent: Event retrieved successfully:  map[name:Summer Olympics]"
time="2024-08-06T20:44:31+05:00" level=error msg="UpdateEvent: Failed to update event with ID  map[id:a96a3276-b0f8-4678-9f77-8a7890a1f2e3]"
time="2024-08-06T20:45:21+05:00" level=info msg="UpdateEvent: Event updated successfully:  map[time:2024-08-06T20:45:21.260368Z]"
time="2024-08-06T20:45:42+05:00" level=info msg="DeleteEvent: Event deleted successfully:  deleted successfully"
time="2024-08-06T20:45:47+05:00" level=info msg="ListOfEvent: Events retrieved successfully"
time="2024-08-06T20:46:44+05:00" level=error msg="CreateAthlete: Failed to create athlete:  rpc error: code = Unknown desc = sql: no rows in result set"
time="2024-08-06T20:46:56+05:00" level=info msg="ListOfCountry: Countries retrieved successfully"
time="2024-08-06T20:47:13+05:00" level=info msg="CreateAthlete: Athlete created successfully:  map[id:f4949c47-17aa-4e71-ba61-49edfa2bf088 name:John Doe]"
time="2024-08-06T20:47:22+05:00" level=error msg="ListOfAthlete: Failed to list athletes:  rpc error: code = Unimplemented desc = method ListOfAthlete not implemented"
time="2024-08-06T20:49:29+05:00" level=info msg="ListOfAthlete: Athletes retrieved successfully"
time="2024-08-06T20:49:44+05:00" level=info msg="GetAthlete: Athlete retrieved successfully:  map[name:John Doe]"
time="2024-08-06T20:50:48+05:00" level=info msg="ListOfAthlete: Athletes retrieved successfully"
time="2024-08-06T20:51:00+05:00" level=error msg="DeleteAthlete: Failed to delete athlete with ID  map[id:949c47-17aa-4e71-ba61-49edfa2bf088]"
time="2024-08-06T20:51:32+05:00" level=info msg="DeleteAthlete: Athlete deleted successfully:  deleted successfully"
time="2024-08-06T20:51:38+05:00" level=info msg="ListOfAthlete: Athletes retrieved successfully"
time="2024-08-06T20:51:48+05:00" level=info msg="Received signal: interrupt"
time="2024-08-06T20:51:48+05:00" level=info msg="Graceful shutdown complete."
time="2024-08-06T21:18:00+05:00" level=info msg="Configuration loaded successfully"
time="2024-08-06T21:18:00+05:00" level=info msg="Connected to country service successfully"
time="2024-08-06T21:18:00+05:00" level=info msg="Connected to event service successfully"
time="2024-08-06T21:18:00+05:00" level=info msg="Connected to athlete service successfully"
time="2024-08-06T21:18:00+05:00" level=info msg="API Gateway started successfully"
time="2024-08-06T21:18:00+05:00" level=info msg="Starting API Gateway on:  :9000"
time="2024-08-06T21:18:01+05:00" level=info msg="Received signal: interrupt"
time="2024-08-06T21:18:01+05:00" level=info msg="Graceful shutdown complete."
time="2024-08-07T10:56:21+05:00" level=info msg="Configuration loaded successfully"
time="2024-08-07T10:56:21+05:00" level=info msg="Connected to user service successfully"
time="2024-08-07T10:56:21+05:00" level=info msg="Connected to medal service successfully"
time="2024-08-07T10:56:21+05:00" level=info msg="Connected to country service successfully"
time="2024-08-07T10:56:21+05:00" level=info msg="Connected to event service successfully"
time="2024-08-07T10:56:21+05:00" level=info msg="Connected to athlete service successfully"
time="2024-08-07T10:56:21+05:00" level=info msg="API Gateway started successfully"
time="2024-08-07T10:56:21+05:00" level=info msg="Starting API Gateway on:  :9000"
time="2024-08-07T10:57:13+05:00" level=info msg="Configuration loaded successfully"
time="2024-08-07T10:57:13+05:00" level=info msg="Connected to user service successfully"
time="2024-08-07T10:57:13+05:00" level=info msg="Connected to medal service successfully"
time="2024-08-07T10:57:13+05:00" level=info msg="Connected to country service successfully"
time="2024-08-07T10:57:13+05:00" level=info msg="Connected to event service successfully"
time="2024-08-07T10:57:13+05:00" level=info msg="Connected to athlete service successfully"
time="2024-08-07T10:57:13+05:00" level=info msg="API Gateway started successfully"
time="2024-08-07T10:57:13+05:00" level=info msg="Starting API Gateway on:  :9000"
time="2024-08-07T14:24:10+05:00" level=info msg="Configuration loaded successfully"
time="2024-08-07T14:24:10+05:00" level=info msg="Connected to user service successfully"
time="2024-08-07T14:24:10+05:00" level=info msg="Connected to medal service successfully"
time="2024-08-07T14:24:10+05:00" level=info msg="Connected to country service successfully"
time="2024-08-07T14:24:10+05:00" level=info msg="Connected to event service successfully"
time="2024-08-07T14:24:10+05:00" level=info msg="Connected to athlete service successfully"
time="2024-08-07T14:24:10+05:00" level=info msg="API Gateway started successfully"
time="2024-08-07T14:24:10+05:00" level=info msg="Starting API Gateway on:  :9000"
time="2024-08-07T14:25:15+05:00" level=error msg="RegisterUser: Failed to register user:  rpc error: code = Unavailable desc = connection error: desc = \"transport: Error while dialing: dial tcp 127.0.0.1:0: connect: connection refused\""
time="2024-08-07T14:27:45+05:00" level=info msg="Received signal: interrupt"
time="2024-08-07T14:27:45+05:00" level=info msg="Graceful shutdown complete."
time="2024-08-07T14:27:48+05:00" level=info msg="Configuration loaded successfully"
time="2024-08-07T14:27:48+05:00" level=info msg="Connected to user service successfully"
time="2024-08-07T14:27:48+05:00" level=info msg="Connected to medal service successfully"
time="2024-08-07T14:27:48+05:00" level=info msg="Connected to country service successfully"
time="2024-08-07T14:27:48+05:00" level=info msg="Connected to event service successfully"
time="2024-08-07T14:27:48+05:00" level=info msg="Connected to athlete service successfully"
time="2024-08-07T14:27:48+05:00" level=info msg="API Gateway started successfully"
time="2024-08-07T14:27:48+05:00" level=info msg="Starting API Gateway on:  :9000"
time="2024-08-07T14:28:19+05:00" level=error msg="RegisterUser: Failed to register user:  rpc error: code = Unavailable desc = connection error: desc = \"transport: Error while dialing: dial tcp 127.0.0.1:8001: connect: connection refused\""
time="2024-08-07T14:29:30+05:00" level=error msg="RegisterUser: Failed to register user:  rpc error: code = Unavailable desc = connection error: desc = \"transport: Error while dialing: dial tcp 127.0.0.1:8001: connect: connection refused\""
time="2024-08-07T14:34:33+05:00" level=info msg="Received signal: interrupt"
time="2024-08-07T14:34:33+05:00" level=info msg="Graceful shutdown complete."
time="2024-08-07T14:34:35+05:00" level=info msg="Configuration loaded successfully"
time="2024-08-07T14:34:35+05:00" level=info msg="Connected to user service successfully"
time="2024-08-07T14:34:35+05:00" level=info msg="Connected to medal service successfully"
time="2024-08-07T14:34:35+05:00" level=info msg="Connected to country service successfully"
time="2024-08-07T14:34:35+05:00" level=info msg="Connected to event service successfully"
time="2024-08-07T14:34:35+05:00" level=info msg="Connected to athlete service successfully"
time="2024-08-07T14:34:35+05:00" level=info msg="API Gateway started successfully"
time="2024-08-07T14:34:35+05:00" level=info msg="Starting API Gateway on:  :9000"
time="2024-08-07T14:34:44+05:00" level=error msg="RegisterUser: Failed to register user:  rpc error: code = Unknown desc = pq: column \"username\" of relation \"users\" does not exist"
time="2024-08-07T14:38:38+05:00" level=info msg="RegisterUser: User registered successfully:  map[id:4dc0561c-604b-4f35-a9f2-dd2206a65f13 role:admin]"
time="2024-08-07T14:54:23+05:00" level=info msg="LoginUser: User logged in successfully:  map[id:4dc0561c-604b-4f35-a9f2-dd2206a65f13 token:eyJhbGciOiJIUzI1NiIsInR5cCI6IkpXVCJ9.eyJleHAiOjE3MjMwMjgwNjMsImlkIjoiNGRjMDU2MWMtNjA0Yi00ZjM1LWE5ZjItZGQyMjA2YTY1ZjEzIiwicm9sZSI6ImFkbWluIiwidXNlcm5hbWUiOiJqYW5lIGRvZSJ9.NKpVHmYmZtXYV5VDgq21QFYgDi7UO2uEGWkLUlZw6Hc]"
time="2024-08-07T14:55:23+05:00" level=info msg="RefreshToken: Token refreshed successfully"
time="2024-08-07T14:55:43+05:00" level=info msg="Received signal: interrupt"
time="2024-08-07T14:55:43+05:00" level=info msg="Graceful shutdown complete."
time="2024-08-07T15:00:33+05:00" level=info msg="Configuration loaded successfully"
time="2024-08-07T15:00:33+05:00" level=info msg="Connected to user service successfully"
time="2024-08-07T15:00:33+05:00" level=info msg="Connected to medal service successfully"
time="2024-08-07T15:00:33+05:00" level=info msg="Connected to country service successfully"
time="2024-08-07T15:00:33+05:00" level=info msg="Connected to event service successfully"
time="2024-08-07T15:00:33+05:00" level=info msg="Connected to athlete service successfully"
time="2024-08-07T15:00:33+05:00" level=info msg="API Gateway started successfully"
time="2024-08-07T15:00:33+05:00" level=info msg="Starting API Gateway on:  :9000"
time="2024-08-07T15:00:56+05:00" level=info msg="Received signal: interrupt"
time="2024-08-07T15:00:56+05:00" level=info msg="Graceful shutdown complete."
time="2024-08-07T15:04:00+05:00" level=info msg="Configuration loaded successfully"
time="2024-08-07T15:04:00+05:00" level=info msg="Connected to user service successfully"
time="2024-08-07T15:04:00+05:00" level=info msg="Connected to medal service successfully"
time="2024-08-07T15:04:00+05:00" level=info msg="Connected to country service successfully"
time="2024-08-07T15:04:00+05:00" level=info msg="Connected to event service successfully"
time="2024-08-07T15:04:00+05:00" level=info msg="Connected to athlete service successfully"
time="2024-08-07T15:04:00+05:00" level=info msg="API Gateway started successfully"
time="2024-08-07T15:04:00+05:00" level=info msg="Starting API Gateway on:  :9000"
time="2024-08-07T15:04:04+05:00" level=info msg="Received signal: interrupt"
time="2024-08-07T15:04:04+05:00" level=info msg="Graceful shutdown complete."
time="2024-08-07T15:04:11+05:00" level=info msg="Configuration loaded successfully"
time="2024-08-07T15:04:11+05:00" level=info msg="Connected to user service successfully"
time="2024-08-07T15:04:11+05:00" level=info msg="Connected to medal service successfully"
time="2024-08-07T15:04:11+05:00" level=info msg="Connected to country service successfully"
time="2024-08-07T15:04:11+05:00" level=info msg="Connected to event service successfully"
time="2024-08-07T15:04:11+05:00" level=info msg="Connected to athlete service successfully"
time="2024-08-07T15:04:11+05:00" level=info msg="API Gateway started successfully"
time="2024-08-07T15:04:11+05:00" level=info msg="Starting API Gateway on:  :9000"
time="2024-08-07T15:04:12+05:00" level=info msg="Received signal: interrupt"
time="2024-08-07T15:04:12+05:00" level=info msg="Graceful shutdown complete."
time="2024-08-07T15:05:58+05:00" level=info msg="Configuration loaded successfully"
time="2024-08-07T15:05:58+05:00" level=info msg="Connected to user service successfully"
time="2024-08-07T15:05:58+05:00" level=info msg="Connected to medal service successfully"
time="2024-08-07T15:05:58+05:00" level=info msg="Connected to country service successfully"
time="2024-08-07T15:05:58+05:00" level=info msg="Connected to event service successfully"
time="2024-08-07T15:05:58+05:00" level=info msg="Connected to athlete service successfully"
time="2024-08-07T15:05:58+05:00" level=info msg="API Gateway started successfully"
time="2024-08-07T15:05:58+05:00" level=info msg="Starting API Gateway on:  :9000"
time="2024-08-07T15:05:59+05:00" level=info msg="Received signal: interrupt"
time="2024-08-07T15:05:59+05:00" level=info msg="Graceful shutdown complete."
time="2024-08-07T17:15:03+05:00" level=info msg="Configuration loaded successfully"
time="2024-08-07T17:15:03+05:00" level=info msg="Connected to user service successfully"
time="2024-08-07T17:15:03+05:00" level=info msg="Connected to medal service successfully"
time="2024-08-07T17:15:03+05:00" level=info msg="Connected to country service successfully"
time="2024-08-07T17:15:03+05:00" level=info msg="Connected to event service successfully"
time="2024-08-07T17:15:03+05:00" level=info msg="Connected to athlete service successfully"
time="2024-08-07T17:15:03+05:00" level=info msg="API Gateway started successfully"
time="2024-08-07T17:15:03+05:00" level=info msg="Starting API Gateway on:  :8000"
time="2024-08-07T17:16:28+05:00" level=info msg="Received signal: interrupt"
time="2024-08-07T17:16:28+05:00" level=info msg="Graceful shutdown complete."
time="2024-08-07T17:16:44+05:00" level=info msg="Configuration loaded successfully"
time="2024-08-07T17:16:44+05:00" level=info msg="Connected to user service successfully"
time="2024-08-07T17:16:44+05:00" level=info msg="Connected to medal service successfully"
time="2024-08-07T17:16:44+05:00" level=info msg="Connected to country service successfully"
time="2024-08-07T17:16:44+05:00" level=info msg="Connected to event service successfully"
time="2024-08-07T17:16:44+05:00" level=info msg="Connected to athlete service successfully"
time="2024-08-07T17:16:44+05:00" level=info msg="API Gateway started successfully"
time="2024-08-07T17:16:44+05:00" level=info msg="Starting API Gateway on:  :9000"
time="2024-08-07T17:18:20+05:00" level=error msg="RegisterUser: Failed to register user:  rpc error: code = Unknown desc = pq: value too long for type character varying(55)"
time="2024-08-07T17:28:30+05:00" level=info msg="Configuration loaded successfully"
time="2024-08-07T17:28:30+05:00" level=info msg="Connected to user service successfully"
time="2024-08-07T17:28:30+05:00" level=info msg="Connected to medal service successfully"
time="2024-08-07T17:28:30+05:00" level=info msg="Connected to country service successfully"
time="2024-08-07T17:28:30+05:00" level=info msg="Connected to event service successfully"
time="2024-08-07T17:28:30+05:00" level=info msg="Connected to athlete service successfully"
time="2024-08-07T17:28:30+05:00" level=info msg="API Gateway started successfully"
time="2024-08-07T17:28:30+05:00" level=info msg="Starting API Gateway on:  :9000"
time="2024-08-07T17:29:05+05:00" level=info msg="RegisterUser: User registered successfully:  map[id:2fff13ce-2061-40fe-a9ed-1846cbeb3105 role:admin]"
time="2024-08-07T17:29:29+05:00" level=info msg="LoginUser: User logged in successfully:  map[id:2fff13ce-2061-40fe-a9ed-1846cbeb3105 token:eyJhbGciOiJIUzI1NiIsInR5cCI6IkpXVCJ9.eyJleHAiOjE3MjMwMzczNjksImlkIjoiMmZmZjEzY2UtMjA2MS00MGZlLWE5ZWQtMTg0NmNiZWIzMTA1Iiwicm9sZSI6ImFkbWluIiwidXNlcm5hbWUiOiJqYW5lIGRvZSJ9.9Se-gptdWuL9gfboQtLAKI3BJ66u0BVhOMyGkTZXyNA]"
time="2024-08-07T17:29:54+05:00" level=info msg="RefreshToken: Token refreshed successfully"
time="2024-08-07T17:30:07+05:00" level=info msg="GetUsers: Users retrieved successfully"
time="2024-08-07T17:30:37+05:00" level=info msg="GetUserById: User retrieved successfully:  map[id:2fff13ce-2061-40fe-a9ed-1846cbeb3105 name:jane doe]"
time="2024-08-07T17:36:35+05:00" level=info msg="Received signal: interrupt"
time="2024-08-07T17:36:35+05:00" level=info msg="Graceful shutdown complete."
time="2024-08-07T17:36:37+05:00" level=info msg="Configuration loaded successfully"
time="2024-08-07T17:36:37+05:00" level=info msg="Connected to user service successfully"
time="2024-08-07T17:36:37+05:00" level=info msg="Connected to medal service successfully"
time="2024-08-07T17:36:37+05:00" level=info msg="Connected to country service successfully"
time="2024-08-07T17:36:37+05:00" level=info msg="Connected to event service successfully"
time="2024-08-07T17:36:37+05:00" level=info msg="Connected to athlete service successfully"
time="2024-08-07T17:36:37+05:00" level=info msg="API Gateway started successfully"
time="2024-08-07T17:36:37+05:00" level=info msg="Starting API Gateway on:  :9000"
time="2024-08-07T17:36:42+05:00" level=info msg="UpdateUser: User updated successfully:  map[id:2fff13ce-2061-40fe-a9ed-1846cbeb3105 name:jone doe]"
time="2024-08-07T17:38:25+05:00" level=info msg="CreateCountry: Country created successfully:  map[id:f35dac60-2411-442a-aeb0-cce7f5e37e7e name:Uzbekistan]"
time="2024-08-07T17:38:43+05:00" level=info msg="ListOfCountry: Countries retrieved successfully"
time="2024-08-07T17:38:55+05:00" level=info msg="GetCountry: Country retrieved successfully:  map[name:Uzbekistan]"
time="2024-08-07T17:39:24+05:00" level=info msg="UpdateCountry: Country updated successfully:  map[time:2024-08-07T17:39:24.971827Z]"
time="2024-08-07T17:41:13+05:00" level=info msg="CreateEvent: Event created successfully:  map[id:03a0c575-087c-491a-9cef-256306599f94 name:Olympic 100m Final]"
time="2024-08-07T17:41:26+05:00" level=info msg="ListOfEvent: Events retrieved successfully"
time="2024-08-07T17:41:35+05:00" level=info msg="GetEvent: Event retrieved successfully:  map[name:Olympic 100m Final]"
time="2024-08-07T17:42:11+05:00" level=info msg="UpdateEvent: Event updated successfully:  map[time:2024-08-07T17:42:11.189191Z]"
time="2024-08-07T17:44:02+05:00" level=error msg="CreateAthlete: Failed to get country:  rpc error: code = Unavailable desc = connection error: desc = \"transport: Error while dialing: dial tcp 127.0.0.1:8003: connect: connection refused\""
time="2024-08-07T17:44:10+05:00" level=error msg="CreateAthlete: Failed to get country:  rpc error: code = Unavailable desc = connection error: desc = \"transport: Error while dialing: dial tcp 127.0.0.1:8003: connect: connection refused\""
time="2024-08-07T17:45:03+05:00" level=error msg="CreateAthlete: Failed to get country:  rpc error: code = Unavailable desc = connection error: desc = \"transport: Error while dialing: dial tcp 127.0.0.1:8003: connect: connection refused\""
time="2024-08-07T17:45:14+05:00" level=info msg="CreateAthlete: Athlete created successfully:  map[id:ee03ac28-edce-4af3-a281-5ebf366e0749 name:John Doe]"
time="2024-08-07T17:45:30+05:00" level=error msg="ListOfAthlete: Failed to list athletes:  rpc error: code = Unknown desc = sql: expected 7 destination arguments in Scan, not 8"
time="2024-08-07T17:48:09+05:00" level=info msg="ListOfAthlete: Athletes retrieved successfully"
time="2024-08-07T17:48:38+05:00" level=info msg="GetAthlete: Athlete retrieved successfully:  map[name:John Doe]"
time="2024-08-07T17:49:28+05:00" level=info msg="UpdateAthlete: Athlete updated successfully:  map[time:2024-08-07T17:49:28.114955Z]"
time="2024-08-07T18:04:08+05:00" level=info msg="Configuration loaded successfully"
time="2024-08-07T18:04:08+05:00" level=info msg="Connected to user service successfully"
time="2024-08-07T18:04:08+05:00" level=info msg="Connected to medal service successfully"
time="2024-08-07T18:04:08+05:00" level=info msg="Connected to country service successfully"
time="2024-08-07T18:04:08+05:00" level=info msg="Connected to event service successfully"
time="2024-08-07T18:04:08+05:00" level=info msg="Connected to athlete service successfully"
time="2024-08-07T18:04:08+05:00" level=info msg="API Gateway started successfully"
time="2024-08-07T18:04:08+05:00" level=info msg="Starting API Gateway on:  :9000"
time="2024-08-07T18:09:32+05:00" level=info msg="Received signal: interrupt"
time="2024-08-07T18:09:32+05:00" level=info msg="Graceful shutdown complete."
time="2024-08-07T18:09:34+05:00" level=info msg="Configuration loaded successfully"
time="2024-08-07T18:09:34+05:00" level=info msg="Connected to user service successfully"
time="2024-08-07T18:09:34+05:00" level=info msg="Connected to medal service successfully"
time="2024-08-07T18:09:34+05:00" level=info msg="Connected to country service successfully"
time="2024-08-07T18:09:34+05:00" level=info msg="Connected to event service successfully"
time="2024-08-07T18:09:34+05:00" level=info msg="Connected to athlete service successfully"
time="2024-08-07T18:09:34+05:00" level=info msg="API Gateway started successfully"
time="2024-08-07T18:09:34+05:00" level=info msg="Starting API Gateway on:  :9000"
time="2024-08-07T18:09:40+05:00" level=error msg="CreateMedal: Failed to get country:  rpc error: code = Unknown desc = pq: invalid input syntax for type uuid: \"f35dac60-2411-442a-aeb0-cce7f5e37e7q\""
time="2024-08-07T18:09:50+05:00" level=info msg="CreateMedal: Medal created successfully:  map[id:fece86ba-96da-49e4-bed2-19ae9d175683 type:SILVER]"
time="2024-08-07T18:10:11+05:00" level=info msg="GetMedals: Medals retrieved successfully"
time="2024-08-07T18:10:33+05:00" level=info msg="GetMedalById: Medal retrieved successfully:  map[id:fece86ba-96da-49e4-bed2-19ae9d175683 name:SILVER]"
time="2024-08-07T18:11:37+05:00" level=info msg="UpdateMedal: Medal updated successfully:  map[id:fece86ba-96da-49e4-bed2-19ae9d175683 name:BRONZE]"
time="2024-08-07T18:12:43+05:00" level=info msg="GetUsers: Users retrieved successfully"
time="2024-08-07T18:13:20+05:00" level=info msg="Received signal: interrupt"
time="2024-08-07T18:13:20+05:00" level=info msg="Graceful shutdown complete."
time="2024-08-07T18:13:51+05:00" level=info msg="Configuration loaded successfully"
time="2024-08-07T18:13:51+05:00" level=info msg="Connected to user service successfully"
time="2024-08-07T18:13:51+05:00" level=info msg="Connected to medal service successfully"
time="2024-08-07T18:13:51+05:00" level=info msg="Connected to country service successfully"
time="2024-08-07T18:13:51+05:00" level=info msg="Connected to event service successfully"
time="2024-08-07T18:13:51+05:00" level=info msg="Connected to athlete service successfully"
time="2024-08-07T18:13:51+05:00" level=info msg="API Gateway started successfully"
time="2024-08-07T18:13:51+05:00" level=info msg="Starting API Gateway on:  :9000"
time="2024-08-07T18:14:14+05:00" level=info msg="Received signal: interrupt"
time="2024-08-07T18:14:14+05:00" level=info msg="Graceful shutdown complete."
time="2024-08-07T18:15:04+05:00" level=info msg="Configuration loaded successfully"
time="2024-08-07T18:15:04+05:00" level=info msg="Connected to user service successfully"
time="2024-08-07T18:15:04+05:00" level=info msg="Connected to medal service successfully"
time="2024-08-07T18:15:04+05:00" level=info msg="Connected to country service successfully"
time="2024-08-07T18:15:04+05:00" level=info msg="Connected to event service successfully"
time="2024-08-07T18:15:04+05:00" level=info msg="Connected to athlete service successfully"
time="2024-08-07T18:15:04+05:00" level=info msg="API Gateway started successfully"
time="2024-08-07T18:15:04+05:00" level=info msg="Starting API Gateway on:  :9000"
time="2024-08-07T18:15:18+05:00" level=info msg="DeleteUser: User deleted successfully"
time="2024-08-07T18:15:26+05:00" level=info msg="GetUsers: Users retrieved successfully"
time="2024-08-07T18:15:46+05:00" level=info msg="GetMedals: Medals retrieved successfully"
time="2024-08-07T18:16:00+05:00" level=error msg="GetMedalByFilter: Failed to bind JSON:  EOF"
time="2024-08-07T18:16:31+05:00" level=info msg="GetMedals: Medals retrieved successfully"
time="2024-08-07T18:16:54+05:00" level=error msg="GetMedalByFilter: Failed to bind JSON:  EOF"
time="2024-08-07T18:17:54+05:00" level=info msg="Received signal: interrupt"
time="2024-08-07T18:17:54+05:00" level=info msg="Graceful shutdown complete."
time="2024-08-07T18:18:03+05:00" level=info msg="Configuration loaded successfully"
time="2024-08-07T18:18:03+05:00" level=info msg="Connected to user service successfully"
time="2024-08-07T18:18:03+05:00" level=info msg="Connected to medal service successfully"
time="2024-08-07T18:18:03+05:00" level=info msg="Connected to country service successfully"
time="2024-08-07T18:18:03+05:00" level=info msg="Connected to event service successfully"
time="2024-08-07T18:18:03+05:00" level=info msg="Connected to athlete service successfully"
time="2024-08-07T18:18:03+05:00" level=info msg="API Gateway started successfully"
time="2024-08-07T18:18:03+05:00" level=info msg="Starting API Gateway on:  :9000"
time="2024-08-07T18:18:16+05:00" level=info msg="GetMedals: Medals retrieved successfully"
time="2024-08-07T18:18:31+05:00" level=info msg="DeleteMedal: Medal deleted successfully"
time="2024-08-07T18:18:41+05:00" level=info msg="ListOfEvent: Events retrieved successfully"
time="2024-08-07T18:18:58+05:00" level=info msg="DeleteEvent: Event deleted successfully:  deleted successfully"
time="2024-08-07T18:19:04+05:00" level=info msg="ListOfCountry: Countries retrieved successfully"
time="2024-08-07T18:19:19+05:00" level=info msg="DeleteCountry: Country deleted successfully:  deleted successfully"
time="2024-08-07T18:19:29+05:00" level=info msg="ListOfAthlete: Athletes retrieved successfully"
time="2024-08-07T18:19:40+05:00" level=info msg="DeleteAthlete: Athlete deleted successfully:  deleted successfully"
time="2024-08-07T18:19:45+05:00" level=info msg="ListOfAthlete: Athletes retrieved successfully"
time="2024-08-07T18:20:04+05:00" level=info msg="Received signal: interrupt"
time="2024-08-07T18:20:04+05:00" level=info msg="Graceful shutdown complete."
time="2024-08-08T00:21:49+05:00" level=info msg="Configuration loaded successfully"
time="2024-08-08T00:21:49+05:00" level=info msg="Connected to user service successfully"
time="2024-08-08T00:21:49+05:00" level=info msg="Connected to medal service successfully"
time="2024-08-08T00:21:49+05:00" level=info msg="Connected to country service successfully"
time="2024-08-08T00:21:49+05:00" level=info msg="Connected to event service successfully"
time="2024-08-08T00:21:49+05:00" level=info msg="Connected to athlete service successfully"
time="2024-08-08T00:21:49+05:00" level=info msg="Connected to athlete service successfully"
time="2024-08-08T00:21:49+05:00" level=info msg="API Gateway started successfully"
time="2024-08-08T00:21:49+05:00" level=info msg="Starting API Gateway on:  :9000"
time="2024-08-08T00:21:51+05:00" level=info msg="Received signal: interrupt"
time="2024-08-08T00:21:51+05:00" level=info msg="Graceful shutdown complete."
time="2024-08-08T00:26:56+05:00" level=info msg="Configuration loaded successfully"
time="2024-08-08T00:26:56+05:00" level=info msg="Connected to user service successfully"
time="2024-08-08T00:26:56+05:00" level=info msg="Connected to medal service successfully"
time="2024-08-08T00:26:56+05:00" level=info msg="Connected to country service successfully"
time="2024-08-08T00:26:56+05:00" level=info msg="Connected to event service successfully"
time="2024-08-08T00:26:56+05:00" level=info msg="Connected to athlete service successfully"
time="2024-08-08T00:26:56+05:00" level=info msg="Connected to liveStream service successfully"
time="2024-08-08T00:26:56+05:00" level=info msg="API Gateway started successfully"
time="2024-08-08T00:26:56+05:00" level=info msg="Starting API Gateway on:  :9000"
time="2024-08-08T00:31:34+05:00" level=info msg="Received signal: interrupt"
time="2024-08-08T00:31:34+05:00" level=info msg="Graceful shutdown complete."
time="2024-08-08T00:31:36+05:00" level=info msg="Configuration loaded successfully"
time="2024-08-08T00:31:36+05:00" level=info msg="Connected to user service successfully"
time="2024-08-08T00:31:36+05:00" level=info msg="Connected to medal service successfully"
time="2024-08-08T00:31:36+05:00" level=info msg="Connected to country service successfully"
time="2024-08-08T00:31:36+05:00" level=info msg="Connected to event service successfully"
time="2024-08-08T00:31:36+05:00" level=info msg="Connected to athlete service successfully"
time="2024-08-08T00:31:36+05:00" level=info msg="Connected to liveStream service successfully"
time="2024-08-08T00:31:36+05:00" level=info msg="API Gateway started successfully"
time="2024-08-08T00:31:36+05:00" level=info msg="Starting API Gateway on:  :9000"
time="2024-08-08T00:34:59+05:00" level=info msg="Received signal: interrupt"
time="2024-08-08T00:34:59+05:00" level=info msg="Graceful shutdown complete."
time="2024-08-08T00:35:02+05:00" level=info msg="Configuration loaded successfully"
time="2024-08-08T00:35:02+05:00" level=info msg="Connected to user service successfully"
time="2024-08-08T00:35:02+05:00" level=info msg="Connected to medal service successfully"
time="2024-08-08T00:35:02+05:00" level=info msg="Connected to country service successfully"
time="2024-08-08T00:35:02+05:00" level=info msg="Connected to event service successfully"
time="2024-08-08T00:35:02+05:00" level=info msg="Connected to athlete service successfully"
time="2024-08-08T00:35:02+05:00" level=info msg="Connected to liveStream service successfully"
time="2024-08-08T00:35:02+05:00" level=info msg="API Gateway started successfully"
time="2024-08-08T00:35:02+05:00" level=info msg="Starting API Gateway on:  :9000"
time="2024-08-08T00:35:18+05:00" level=info msg="Received signal: interrupt"
time="2024-08-08T00:35:18+05:00" level=info msg="Graceful shutdown complete."
time="2024-08-08T00:35:20+05:00" level=info msg="Configuration loaded successfully"
time="2024-08-08T00:35:20+05:00" level=info msg="Connected to user service successfully"
time="2024-08-08T00:35:20+05:00" level=info msg="Connected to medal service successfully"
time="2024-08-08T00:35:20+05:00" level=info msg="Connected to country service successfully"
time="2024-08-08T00:35:20+05:00" level=info msg="Connected to event service successfully"
time="2024-08-08T00:35:20+05:00" level=info msg="Connected to athlete service successfully"
time="2024-08-08T00:35:20+05:00" level=info msg="Connected to liveStream service successfully"
time="2024-08-08T00:35:20+05:00" level=info msg="API Gateway started successfully"
time="2024-08-08T00:35:20+05:00" level=info msg="Starting API Gateway on:  :9000"
time="2024-08-08T00:36:24+05:00" level=info msg="Received signal: interrupt"
time="2024-08-08T00:36:24+05:00" level=info msg="Graceful shutdown complete."
time="2024-08-08T00:36:27+05:00" level=info msg="Configuration loaded successfully"
time="2024-08-08T00:36:27+05:00" level=info msg="Connected to user service successfully"
time="2024-08-08T00:36:27+05:00" level=info msg="Connected to medal service successfully"
time="2024-08-08T00:36:27+05:00" level=info msg="Connected to country service successfully"
time="2024-08-08T00:36:27+05:00" level=info msg="Connected to event service successfully"
time="2024-08-08T00:36:27+05:00" level=info msg="Connected to athlete service successfully"
time="2024-08-08T00:36:27+05:00" level=info msg="Connected to liveStream service successfully"
time="2024-08-08T00:36:27+05:00" level=info msg="API Gateway started successfully"
time="2024-08-08T00:36:27+05:00" level=info msg="Starting API Gateway on:  :9000"
time="2024-08-08T00:42:55+05:00" level=info msg="Received signal: interrupt"
time="2024-08-08T00:42:55+05:00" level=info msg="Graceful shutdown complete."
time="2024-08-08T00:42:58+05:00" level=info msg="Configuration loaded successfully"
time="2024-08-08T00:42:58+05:00" level=info msg="Connected to user service successfully"
time="2024-08-08T00:42:58+05:00" level=info msg="Connected to medal service successfully"
time="2024-08-08T00:42:58+05:00" level=info msg="Connected to country service successfully"
time="2024-08-08T00:42:58+05:00" level=info msg="Connected to event service successfully"
time="2024-08-08T00:42:58+05:00" level=info msg="Connected to athlete service successfully"
time="2024-08-08T00:42:58+05:00" level=info msg="Connected to liveStream service successfully"
time="2024-08-08T00:42:58+05:00" level=info msg="API Gateway started successfully"
time="2024-08-08T00:42:58+05:00" level=info msg="Starting API Gateway on:  :9000"
